\BOOKMARK [1][]{zy.1}{\376\377\144\130\211\201}{}% 1
\BOOKMARK [1][]{section.1}{\376\377\116\000\060\001\000\040\225\356\230\230\166\204\143\320\121\372}{}% 2
\BOOKMARK [2][]{subsection.1.1}{\376\377\0001\000.\0001\000\040\225\356\230\230\200\314\146\157}{section.1}% 3
\BOOKMARK [2][]{subsection.1.2}{\376\377\0001\000.\0002\000\040\225\356\230\230\211\201\154\102}{section.1}% 4
\BOOKMARK [1][]{section.2}{\376\377\116\214\060\001\000\040\225\356\230\230\166\204\122\006\147\220}{}% 5
\BOOKMARK [2][]{subsection.2.1}{\376\377\0002\000.\0001\000\040\225\356\230\230\166\204\145\164\117\123\122\006\147\220}{section.2}% 6
\BOOKMARK [2][]{subsection.2.2}{\376\377\0002\000.\0002\000\040\225\356\230\230\116\000\166\204\122\006\147\220}{section.2}% 7
\BOOKMARK [2][]{subsection.2.3}{\376\377\0002\000.\0003\000\040\225\356\230\230\116\214\166\204\122\006\147\220}{section.2}% 8
\BOOKMARK [2][]{subsection.2.4}{\376\377\0002\000.\0004\000\040\225\356\230\230\116\011\166\204\122\006\147\220}{section.2}% 9
\BOOKMARK [2][]{subsection.2.5}{\376\377\0002\000.\0005\000\040\225\356\230\230\126\333\166\204\122\006\147\220}{section.2}% 10
\BOOKMARK [1][]{section.3}{\376\377\116\011\060\001\000\040\152\041\127\213\166\204\120\107\213\276}{}% 11
\BOOKMARK [1][]{section.4}{\376\377\126\333\060\001\000\040\173\046\123\367\213\364\146\016}{}% 12
\BOOKMARK [1][]{section.5}{\376\377\116\224\060\001\000\040\152\041\127\213\166\204\136\372\172\313\116\016\154\102\211\343}{}% 13
\BOOKMARK [2][]{subsection.5.1}{\376\377\0005\000.\0001\000\040\225\356\230\230\116\000\152\041\127\213\166\204\136\372\172\313\116\016\154\102\211\343}{section.5}% 14
\BOOKMARK [2][]{subsection.5.2}{\376\377\0005\000.\0002\000\040\225\356\230\230\116\214\152\041\127\213\166\204\136\372\172\313\116\016\154\102\211\343}{section.5}% 15
\BOOKMARK [2][]{subsection.5.3}{\376\377\0005\000.\0003\000\040\225\356\230\230\116\011\152\041\127\213\166\204\136\372\172\313\116\016\154\102\211\343}{section.5}% 16
\BOOKMARK [2][]{subsection.5.4}{\376\377\0005\000.\0004\000\040\225\356\230\230\126\333\152\041\127\213\166\204\136\372\172\313\116\016\154\102\211\343}{section.5}% 17
\BOOKMARK [1][]{section.6}{\376\377\121\155\060\001\000\040\152\041\127\213\166\204\213\304\116\367\116\016\143\250\136\177}{}% 18
\BOOKMARK [2][]{subsection.6.1}{\376\377\0006\000.\0001\000\040\152\041\127\213\166\204\213\304\116\367}{section.6}% 19
\BOOKMARK [2][]{subsection.6.2}{\376\377\0006\000.\0002\000\040\152\041\127\213\166\204\143\250\136\177}{section.6}% 20
\BOOKMARK [1][]{section*.17}{\376\377\123\302\200\003\145\207\163\056}{}% 21
\BOOKMARK [1][]{section*.19}{\376\377\226\104\000\040\137\125}{}% 22
